<?xml version="1.0" encoding="UTF-8"?>
<!-- Generated by org.testng.reporters.JUnitReportReporter -->
<testsuite hostname="INSPIRON-5567" failures="0" tests="1" name="demopack.demotestng2" time="9.459" errors="0" timestamp="2023-01-22T11:17:38 IST" skipped="0">
  <testcase classname="demopack.demotestng2" name="setup" time="9.459"/>
  <system-out/>
</testsuite> <!-- demopack.demotestng2 -->
